#
# There is insufficient memory for the Java Runtime Environment to continue.
# Native memory allocation (mmap) failed to map 268435456 bytes for G1 virtual space
# Possible reasons:
#   The system is out of physical RAM or swap space
#   The process is running with CompressedOops enabled, and the Java Heap may be blocking the growth of the native heap
# Possible solutions:
#   Reduce memory load on the system
#   Increase physical memory or swap space
#   Check if swap backing store is full
#   Decrease Java heap size (-Xmx/-Xms)
#   Decrease number of Java threads
#   Decrease Java thread stack sizes (-Xss)
#   Set larger code cache with -XX:ReservedCodeCacheSize=
#   JVM is running with Zero Based Compressed Oops mode in which the Java heap is
#     placed in the first 32GB address space. The Java Heap base address is the
#     maximum limit for the native heap growth. Please use -XX:HeapBaseMinAddress
#     to set the Java Heap base and to place the Java Heap above 32GB virtual address.
# This output file may be truncated or incomplete.
#
#  Out of Memory Error (os_windows.cpp:3530), pid=7836, tid=2228
#
# JRE version:  (18.0.2.1+1) (build )
# Java VM: Java HotSpot(TM) 64-Bit Server VM (18.0.2.1+1-1, mixed mode, sharing, tiered, compressed oops, compressed class ptrs, g1 gc, windows-amd64)
# No core dump will be written. Minidumps are not enabled by default on client versions of Windows
#

---------------  S U M M A R Y ------------

Command Line: com.mycompany.stringexer.StringExer

Host: Intel(R) Core(TM) i7-3770 CPU @ 3.40GHz, 8 cores, 15G,  Windows 10 , 64 bit Build 19041 (10.0.19041.1741)
Time: Thu Sep  8 18:10:30 2022 Hora oficial do Brasil elapsed time: 0.011159 seconds (0d 0h 0m 0s)

---------------  T H R E A D  ---------------

Current thread (0x000001b46e060a40):  JavaThread "Unknown thread" [_thread_in_vm, id=2228, stack(0x000000049b200000,0x000000049b300000)]

Stack: [0x000000049b200000,0x000000049b300000]
Native frames: (J=compiled Java code, j=interpreted, Vv=VM code, C=native code)
V  [jvm.dll+0x6993aa]
V  [jvm.dll+0x7f46dd]
V  [jvm.dll+0x7f5fee]
V  [jvm.dll+0x7f66a3]
V  [jvm.dll+0x25cf1f]
V  [jvm.dll+0x6962f9]
V  [jvm.dll+0x68ae2a]
V  [jvm.dll+0x32255b]
V  [jvm.dll+0x329f36]
V  [jvm.dll+0x37eade]
V  [jvm.dll+0x37ed0f]
V  [jvm.dll+0x2fa2da]
V  [jvm.dll+0x2fb33d]
V  [jvm.dll+0x7c3310]
V  [jvm.dll+0x38be61]
V  [jvm.dll+0x7a2023]
V  [jvm.dll+0x40dc3f]
V  [jvm.dll+0x40f611]
C  [jli.dll+0x526b]
C  [ucrtbase.dll+0x21bb2]
C  [KERNEL32.DLL+0x17034]
C  [ntdll.dll+0x52651]


---------------  P R O C E S S  ---------------

Threads class SMR info:
_java_thread_list=0x00007ff80acde550, length=0, elements={
}

Java Threads: ( => current thread )

Other Threads:
  0x000001b46e0cff40 WorkerThread "GC Thread#0" [stack: 0x000000049b300000,0x000000049b400000] [id=11032]
  0x000001b46e0e1560 ConcurrentGCThread "G1 Main Marker" [stack: 0x000000049b400000,0x000000049b500000] [id=12908]
  0x000001b46e0e2f60 WorkerThread "G1 Conc#0" [stack: 0x000000049b500000,0x000000049b600000] [id=8100]

[error occurred during error reporting (printing all threads), id 0xc0000005, EXCEPTION_ACCESS_VIOLATION (0xc0000005) at pc=0x00007ff80a50a877]

VM state: not at safepoint (not fully initialized)

VM Mutex/Monitor currently owned by a thread:  ([mutex/lock_event])
[0x000001b46e05c840] Heap_lock - owner thread: 0x000001b46e060a40

Heap address: 0x0000000700a00000, size: 4086 MB, Compressed Oops mode: Zero based, Oop shift amount: 3

CDS archive(s) mapped at: [0x0000000000000000-0x0000000000000000-0x0000000000000000), size 0, SharedBaseAddress: 0x0000000800000000, ArchiveRelocationMode: 0.
Narrow klass base: 0x0000000000000000, Narrow klass shift: 0, Narrow klass range: 0x0

GC Precious Log:
 CardTable entry size: 512
 Card Set container configuration: InlinePtr #cards 4 size 8 Array Of Cards #cards 16 size 48 Howl #buckets 8 coarsen threshold 3686 Howl Bitmap #cards 512 size 80 coarsen threshold 460 Card regions per heap region 1 cards per card region 4096

Heap:
 garbage-first heap   total 0K, used 0K [0x0000000700a00000, 0x0000000800000000)
  region size 2048K, 0 young (0K), 0 survivors (0K)

[error occurred during error reporting (printing heap information), id 0xc0000005, EXCEPTION_ACCESS_VIOLATION (0xc0000005) at pc=0x00007ff80a8f1839]

GC Heap History (0 events):
No events

Deoptimization events (0 events):
No events

Classes loaded (0 events):
No events

Classes unloaded (0 events):
No events

Classes redefined (0 events):
No events

Internal exceptions (0 events):
No events

VM Operations (0 events):
No events

Events (1 events):
Event: 0.006 Loaded shared library C:\Program Files\Java\jdk-18.0.2.1\bin\java.dll


Dynamic libraries:
0x00007ff7f0e40000 - 0x00007ff7f0e50000 	C:\Program Files\Java\jdk-18.0.2.1\bin\java.exe
0x00007ff842b70000 - 0x00007ff842d67000 	C:\WINDOWS\SYSTEM32\ntdll.dll
0x00007ff8414f0000 - 0x00007ff8415ad000 	C:\WINDOWS\System32\KERNEL32.DLL
0x00007ff840510000 - 0x00007ff8407dd000 	C:\WINDOWS\System32\KERNELBASE.dll
0x00007ff840410000 - 0x00007ff840510000 	C:\WINDOWS\System32\ucrtbase.dll
0x00007ff82ebe0000 - 0x00007ff82ebf8000 	C:\Program Files\Java\jdk-18.0.2.1\bin\jli.dll
0x00007ff83b8b0000 - 0x00007ff83b8ca000 	C:\Program Files\Java\jdk-18.0.2.1\bin\VCRUNTIME140.dll
0x00007ff840c30000 - 0x00007ff840cde000 	C:\WINDOWS\System32\ADVAPI32.dll
0x00007ff842960000 - 0x00007ff8429fe000 	C:\WINDOWS\System32\msvcrt.dll
0x00007ff840f40000 - 0x00007ff840fdc000 	C:\WINDOWS\System32\sechost.dll
0x00007ff8421a0000 - 0x00007ff8422c5000 	C:\WINDOWS\System32\RPCRT4.dll
0x00007ff840d70000 - 0x00007ff840f10000 	C:\WINDOWS\System32\USER32.dll
0x00007ff82be80000 - 0x00007ff82c11a000 	C:\WINDOWS\WinSxS\amd64_microsoft.windows.common-controls_6595b64144ccf1df_6.0.19041.1110_none_60b5254171f9507e\COMCTL32.dll
0x00007ff840290000 - 0x00007ff8402b2000 	C:\WINDOWS\System32\win32u.dll
0x00007ff841f10000 - 0x00007ff841f3a000 	C:\WINDOWS\System32\GDI32.dll
0x00007ff840960000 - 0x00007ff840a6b000 	C:\WINDOWS\System32\gdi32full.dll
0x00007ff840370000 - 0x00007ff84040d000 	C:\WINDOWS\System32\msvcp_win.dll
0x00007ff838b10000 - 0x00007ff838b1a000 	C:\WINDOWS\SYSTEM32\VERSION.dll
0x00007ff840f10000 - 0x00007ff840f40000 	C:\WINDOWS\System32\IMM32.DLL
0x00007ff83bd10000 - 0x00007ff83bd1c000 	C:\Program Files\Java\jdk-18.0.2.1\bin\vcruntime140_1.dll
0x00007ff82d0f0000 - 0x00007ff82d17d000 	C:\Program Files\Java\jdk-18.0.2.1\bin\msvcp140.dll
0x00007ff80a200000 - 0x00007ff80ae11000 	C:\Program Files\Java\jdk-18.0.2.1\bin\server\jvm.dll
0x00007ff840ce0000 - 0x00007ff840ce8000 	C:\WINDOWS\System32\PSAPI.DLL
0x00007ff8309d0000 - 0x00007ff8309f7000 	C:\WINDOWS\SYSTEM32\WINMM.dll
0x00007ff83bd40000 - 0x00007ff83bd49000 	C:\WINDOWS\SYSTEM32\WSOCK32.dll
0x00007ff842a60000 - 0x00007ff842acb000 	C:\WINDOWS\System32\WS2_32.dll
0x00007ff83e1b0000 - 0x00007ff83e1c2000 	C:\WINDOWS\SYSTEM32\kernel.appcore.dll
0x00007ff83bb80000 - 0x00007ff83bb8a000 	C:\Program Files\Java\jdk-18.0.2.1\bin\jimage.dll
0x00007ff82e240000 - 0x00007ff82e424000 	C:\WINDOWS\SYSTEM32\DBGHELP.DLL
0x00007ff823520000 - 0x00007ff82354c000 	C:\WINDOWS\SYSTEM32\dbgcore.DLL
0x00007ff8407e0000 - 0x00007ff840862000 	C:\WINDOWS\System32\bcryptPrimitives.dll
0x00007ff834240000 - 0x00007ff834265000 	C:\Program Files\Java\jdk-18.0.2.1\bin\java.dll

dbghelp: loaded successfully - version: 4.0.5 - missing functions: none
symbol engine: initialized successfully - sym options: 0x614 - pdb path: .;C:\Program Files\Java\jdk-18.0.2.1\bin;C:\WINDOWS\SYSTEM32;C:\WINDOWS\WinSxS\amd64_microsoft.windows.common-controls_6595b64144ccf1df_6.0.19041.1110_none_60b5254171f9507e;C:\Program Files\Java\jdk-18.0.2.1\bin\server

VM Arguments:
java_command: com.mycompany.stringexer.StringExer
java_class_path (initial): C:\Users\Abi-gamer\Documents\NetBeansProjects\StringExer\target\classes
Launcher Type: SUN_STANDARD

[Global flags]
     intx CICompilerCount                          = 4                                         {product} {ergonomic}
     uint ConcGCThreads                            = 2                                         {product} {ergonomic}
     uint G1ConcRefinementThreads                  = 8                                         {product} {ergonomic}
   size_t G1HeapRegionSize                         = 2097152                                   {product} {ergonomic}
    uintx GCDrainStackTargetSize                   = 64                                        {product} {ergonomic}
   size_t InitialHeapSize                          = 268435456                                 {product} {ergonomic}
   size_t MarkStackSize                            = 4194304                                   {product} {ergonomic}
   size_t MaxHeapSize                              = 4284481536                                {product} {ergonomic}
   size_t MinHeapDeltaBytes                        = 2097152                                   {product} {ergonomic}
   size_t MinHeapSize                              = 8388608                                   {product} {ergonomic}
    uintx NonNMethodCodeHeapSize                   = 5839372                                {pd product} {ergonomic}
    uintx NonProfiledCodeHeapSize                  = 122909434                              {pd product} {ergonomic}
    uintx ProfiledCodeHeapSize                     = 122909434                              {pd product} {ergonomic}
    uintx ReservedCodeCacheSize                    = 251658240                              {pd product} {ergonomic}
     bool SegmentedCodeCache                       = true                                      {product} {ergonomic}
   size_t SoftMaxHeapSize                          = 4284481536                             {manageable} {ergonomic}
     bool UseCompressedClassPointers               = true                           {product lp64_product} {ergonomic}
     bool UseCompressedOops                        = true                           {product lp64_product} {ergonomic}
     bool UseG1GC                                  = true                                      {product} {ergonomic}
     bool UseLargePagesIndividualAllocation        = false                                  {pd product} {ergonomic}

Logging:
Log output configuration:
 #0: stdout all=warning uptime,level,tags foldmultilines=false
 #1: stderr all=off uptime,level,tags foldmultilines=false

Environment Variables:
JAVA_HOME=C:\Program Files\Java\jdk-18.0.2.1
PATH=C:\Program Files\Common Files\Oracle\Java\javapath;C:\WINDOWS\system32;C:\WINDOWS;C:\WINDOWS\System32\Wbem;C:\WINDOWS\System32\WindowsPowerShell\v1.0\;C:\WINDOWS\System32\OpenSSH\;C:\Program Files (x86)\NVIDIA Corporation\PhysX\Common;C:\Program Files\Git\cmd;C:\Program Files\NVIDIA Corporation\NVIDIA NvDLISR;C:\Program Files\dotnet\;C:\Users\Abi-gamer\AppData\Local\Microsoft\WindowsApps;C:\Users\Abi-gamer\AppData\Local\GitHubDesktop\bin;C:\Users\Abi-gamer\AppData\Local\Programs\Microsoft VS Code\bin;C:\xampp\php;
USERNAME=Abi-gamer
OS=Windows_NT
PROCESSOR_IDENTIFIER=Intel64 Family 6 Model 58 Stepping 9, GenuineIntel



---------------  S Y S T E M  ---------------

OS:
 Windows 10 , 64 bit Build 19041 (10.0.19041.1741)
OS uptime: 16 days 8:25 hours

CPU: total 8 (initial active 8) (4 cores per cpu, 2 threads per core) family 6 model 58 stepping 9 microcode 0x21, cx8, cmov, fxsr, ht, mmx, sse, sse2, sse3, ssse3, sse4.1, sse4.2, popcnt, tsc, tscinvbit, avx, aes, erms, clmul, vzeroupper, clflush

Memory: 4k page, system-wide physical 16342M (5905M free)
TotalPageFile size 19414M (AvailPageFile size 120M)
current process WorkingSet (physical memory assigned to process): 10M, peak: 10M
current process commit charge ("private bytes"): 60M, peak: 316M

vm_info: Java HotSpot(TM) 64-Bit Server VM (18.0.2.1+1-1) for windows-amd64 JRE (18.0.2.1+1-1), built on Aug 16 2022 01:46:33 by "mach5one" with MS VC++ 16.8 / 16.9 (VS2019)

END.
